<?xml version="1.0" encoding="UTF-8"?>
<testsuite xmlns:xsi="http://www.w3.org/2001/XMLSchema-instance" xsi:schemaLocation="https://maven.apache.org/surefire/maven-surefire-plugin/xsd/surefire-test-report.xsd" name="Question5.Exercise3.TestSuite" time="0.064" tests="9" errors="0" skipped="0" failures="0">
  <properties>
[...]
</properties>
  <testcase name="Route1" classname="Question5.Exercise3.AppTest" time="0.004"/>
  <testcase name="Route2" classname="Question5.Exercise3.AppTest" time="0"/>
  <testcase name="Route3" classname="Question5.Exercise3.AppTest" time="0"/>
  <testcase name="Route4" classname="Question5.Exercise3.AppTest" time="0"/>
  <testcase name="Route5" classname="Question5.Exercise3.AppTest" time="0"/>
  <testcase name="Route6" classname="Question5.Exercise3.AppTest" time="0.001"/>
  <testcase name="Route7" classname="Question5.Exercise3.AppTest" time="0"/>
  <testcase name="Route8" classname="Question5.Exercise3.AppTest" time="0"/>
  <testcase name="Route9" classname="Question5.Exercise3.AppTest" time="0"/>
</testsuite>